<?xml version="1.0" encoding="UTF-8"?>
<testsuite name="UnitTest" tests="1" skipped="0" failures="0" errors="0" timestamp="2016-02-16T18:48:45" hostname="epicodus-65.local" time="0.001">
  <properties/>
  <testcase name="tamagotchi_intstantiatesCorrectly" classname="UnitTest" time="0.001"/>
  <system-out><![CDATA[]]></system-out>
  <system-err><![CDATA[]]></system-err>
</testsuite>
