<?xml version="1.0" encoding="UTF-8"?>
<testsuite name="UnitTest" tests="5" skipped="0" failures="0" errors="0" timestamp="2016-02-16T19:14:35" hostname="epicodus-65.local" time="0.002">
  <properties/>
  <testcase name="tamagotchi_passTime" classname="UnitTest" time="0.001"/>
  <testcase name="tamagotchi_isSleeping" classname="UnitTest" time="0.0"/>
  <testcase name="tamagotchi_sleep" classname="UnitTest" time="0.0"/>
  <testcase name="tamagotchi_feed" classname="UnitTest" time="0.0"/>
  <testcase name="tamagotchi_intstantiatesCorrectly" classname="UnitTest" time="0.0"/>
  <system-out><![CDATA[]]></system-out>
  <system-err><![CDATA[]]></system-err>
</testsuite>
