<?xml version="1.0" encoding="UTF-8"?>
<testsuite name="IntegrationTest" tests="5" skipped="0" failures="0" errors="0" timestamp="2016-02-16T22:23:23" hostname="epicodus-65.local" time="0.524">
  <properties/>
  <testcase name="startFoodLevel" classname="IntegrationTest" time="0.327"/>
  <testcase name="rootTest" classname="IntegrationTest" time="0.011"/>
  <testcase name="stopCountingDownOnDeath" classname="IntegrationTest" time="0.129"/>
  <testcase name="clickPassTime" classname="IntegrationTest" time="0.024"/>
  <testcase name="namePet" classname="IntegrationTest" time="0.017"/>
  <system-out><![CDATA[]]></system-out>
  <system-err><![CDATA[[Thread-4] INFO spark.webserver.SparkServer - == Spark has ignited ...
[Thread-4] INFO spark.webserver.SparkServer - >> Listening on 0.0.0.0:4567
[Thread-4] INFO org.eclipse.jetty.server.Server - jetty-9.0.2.v20130417
[Thread-4] INFO org.eclipse.jetty.server.ServerConnector - Started ServerConnector@1d9b34db{HTTP/1.1}{0.0.0.0:4567}
[Test worker] INFO spark.webserver.SparkServer - >>> Spark shutting down ...
[Test worker] INFO org.eclipse.jetty.server.Server - Graceful shutdown org.eclipse.jetty.server.Server@3fa517e8 by 
[Test worker] INFO org.eclipse.jetty.server.ServerConnector - Stopped ServerConnector@1d9b34db{HTTP/1.1}{0.0.0.0:4567}
[Test worker] INFO spark.webserver.SparkServer - done
]]></system-err>
</testsuite>
